# JRE version: Java(TM) SE Runtime Environment (8.0_66-b17) (build 1.8.0_66-b17)
# Java VM: Java HotSpot(TM) Client VM (25.66-b17 mixed mode windows-x86 )
Heap:
 def new generation   total 39424K, used 18779K [0x02e00000, 0x058c0000, 0x0d8a0000)
  eden space 35072K,  41% used [0x02e00000, 0x03c16f50, 0x05040000)
  from space 4352K, 100% used [0x05480000, 0x058c0000, 0x058c0000)
  to   space 4352K,   0% used [0x05040000, 0x05040000, 0x05480000)
 tenured generation   total 87424K, used 14594K [0x0d8a0000, 0x12e00000, 0x22e00000)
   the space 87424K,  16% used [0x0d8a0000, 0x0e6e0918, 0x0e6e0a00, 0x12e00000)
 Metaspace       used 16274K, capacity 16702K, committed 16768K, reserved 16768K
GC Heap History (8 events):
Event: 1.424 GC heap before
{Heap before GC invocations=0 (full 0):
 def new generation   total 39296K, used 34944K [0x02e00000, 0x058a0000, 0x0d8a0000)
  eden space 34944K, 100% used [0x02e00000, 0x05020000, 0x05020000)
  from space 4352K,   0% used [0x05020000, 0x05020000, 0x05460000)
  to   space 4352K,   0% used [0x05460000, 0x05460000, 0x058a0000)
 tenured generation   total 87424K, used 0K [0x0d8a0000, 0x12e00000, 0x22e00000)
   the space 87424K,   0% used [0x0d8a0000, 0x0d8a0000, 0x0d8a0200, 0x12e00000)
 Metaspace       used 9036K, capacity 9240K, committed 9344K, reserved 9600K
Event: 1.446 GC heap after
Heap after GC invocations=1 (full 0):
 def new generation   total 39296K, used 4352K [0x02e00000, 0x058a0000, 0x0d8a0000)
  eden space 34944K,   0% used [0x02e00000, 0x02e00000, 0x05020000)
  from space 4352K, 100% used [0x05460000, 0x058a0000, 0x058a0000)
  to   space 4352K,   0% used [0x05020000, 0x05020000, 0x05460000)
 tenured generation   total 87424K, used 2866K [0x0d8a0000, 0x12e00000, 0x22e00000)
   the space 87424K,   3% used [0x0d8a0000, 0x0db6c950, 0x0db6ca00, 0x12e00000)
 Metaspace       used 9036K, capacity 9240K, committed 9344K, reserved 9600K
}
Event: 2.525 GC heap before
{Heap before GC invocations=1 (full 0):
 def new generation   total 39296K, used 39296K [0x02e00000, 0x058a0000, 0x0d8a0000)
  eden space 34944K, 100% used [0x02e00000, 0x05020000, 0x05020000)
  from space 4352K, 100% used [0x05460000, 0x058a0000, 0x058a0000)
  to   space 4352K,   0% used [0x05020000, 0x05020000, 0x05460000)
 tenured generation   total 87424K, used 2866K [0x0d8a0000, 0x12e00000, 0x22e00000)
   the space 87424K,   3% used [0x0d8a0000, 0x0db6c950, 0x0db6ca00, 0x12e00000)
 Metaspace       used 11933K, capacity 12257K, committed 12288K, reserved 12672K
Event: 2.558 GC heap after
Heap after GC invocations=2 (full 0):
 def new generation   total 39296K, used 4352K [0x02e00000, 0x058a0000, 0x0d8a0000)
  eden space 34944K,   0% used [0x02e00000, 0x02e00000, 0x05020000)
  from space 4352K, 100% used [0x05020000, 0x05460000, 0x05460000)
  to   space 4352K,   0% used [0x05460000, 0x05460000, 0x058a0000)
 tenured generation   total 87424K, used 9157K [0x0d8a0000, 0x12e00000, 0x22e00000)
   the space 87424K,  10% used [0x0d8a0000, 0x0e1914a0, 0x0e191600, 0x12e00000)
 Metaspace       used 11933K, capacity 12257K, committed 12288K, reserved 12672K
}
Event: 2.563 GC heap before
{Heap before GC invocations=2 (full 0):
 def new generation   total 39296K, used 5699K [0x02e00000, 0x058a0000, 0x0d8a0000)
  eden space 34944K,   3% used [0x02e00000, 0x02f50e40, 0x05020000)
  from space 4352K, 100% used [0x05020000, 0x05460000, 0x05460000)
  to   space 4352K,   0% used [0x05460000, 0x05460000, 0x058a0000)
 tenured generation   total 87424K, used 9157K [0x0d8a0000, 0x12e00000, 0x22e00000)
   the space 87424K,  10% used [0x0d8a0000, 0x0e1914a0, 0x0e191600, 0x12e00000)
 Metaspace       used 11934K, capacity 12257K, committed 12288K, reserved 12672K
Event: 2.607 GC heap after
Heap after GC invocations=3 (full 1):
 def new generation   total 39424K, used 0K [0x02e00000, 0x058c0000, 0x0d8a0000)
  eden space 35072K,   0% used [0x02e00000, 0x02e00000, 0x05040000)
  from space 4352K,   0% used [0x05040000, 0x05040000, 0x05480000)
  to   space 4352K,   0% used [0x05480000, 0x05480000, 0x058c0000)
 tenured generation   total 87424K, used 13088K [0x0d8a0000, 0x12e00000, 0x22e00000)
   the space 87424K,  14% used [0x0d8a0000, 0x0e568050, 0x0e568200, 0x12e00000)
 Metaspace       used 11934K, capacity 12257K, committed 12288K, reserved 12672K
}
Event: 76.657 GC heap before
{Heap before GC invocations=3 (full 1):
 def new generation   total 39424K, used 35072K [0x02e00000, 0x058c0000, 0x0d8a0000)
  eden space 35072K, 100% used [0x02e00000, 0x05040000, 0x05040000)
  from space 4352K,   0% used [0x05040000, 0x05040000, 0x05480000)
  to   space 4352K,   0% used [0x05480000, 0x05480000, 0x058c0000)
 tenured generation   total 87424K, used 13088K [0x0d8a0000, 0x12e00000, 0x22e00000)
   the space 87424K,  14% used [0x0d8a0000, 0x0e568050, 0x0e568200, 0x12e00000)
 Metaspace       used 16223K, capacity 16633K, committed 16640K, reserved 16768K
Event: 76.683 GC heap after
Heap after GC invocations=4 (full 1):
 def new generation   total 39424K, used 4352K [0x02e00000, 0x058c0000, 0x0d8a0000)
  eden space 35072K,   0% used [0x02e00000, 0x02e00000, 0x05040000)
  from space 4352K, 100% used [0x05480000, 0x058c0000, 0x058c0000)
  to   space 4352K,   0% used [0x05040000, 0x05040000, 0x05480000)
 tenured generation   total 87424K, used 14594K [0x0d8a0000, 0x12e00000, 0x22e00000)
   the space 87424K,  16% used [0x0d8a0000, 0x0e6e0918, 0x0e6e0a00, 0x12e00000)
 Metaspace       used 16223K, capacity 16633K, committed 16640K, reserved 16768K
}

